Updating and loading repositories:
Repositories loaded.
Nothing to do.
Sat Jun 27 04:17:34 PM PKT 2026
--------------------------
Updating and loading repositories:
Repositories loaded.
Nothing to do.
Sat Jun 27 04:17:40 PM PKT 2026
--------------------------
Updating and loading repositories:
Repositories loaded.
Nothing to do.
Sat Jun 27 04:19:59 PM PKT 2026
--------------------------
Updating and loading repositories:
Repositories loaded.
Nothing to do.
Sat Jun 27 04:26:09 PM PKT 2026
--------------------------
Updating and loading repositories:
Repositories loaded.
Nothing to do.
Sat Jun 27 06:14:15 PM PKT 2026
--------------------------
Updating and loading repositories:
Repositories loaded.
Nothing to do.
Sat Jun 27 08:43:08 PM PKT 2026
--------------------------
